Using pre-set license
Pro License: NO

 COMMAND LINE ARGUMENTS:
/Applications/Unity/Hub/Editor/2021.1.12f1/Unity.app/Contents/MacOS/Unity
-adb2
-batchMode
-noUpm
-name
AssetImportWorker0
-projectPath
/Users/katherinegustilo/Documents/MSMHA/Independent Study - Lee/GitHub/Embryonic-Virtual-Heart
-logFile
Logs/AssetImportWorker0.log
-srvPort
51887
Successfully changed project path to: /Users/katherinegustilo/Documents/MSMHA/Independent Study - Lee/GitHub/Embryonic-Virtual-Heart
/Users/katherinegustilo/Documents/MSMHA/Independent Study - Lee/GitHub/Embryonic-Virtual-Heart
Using Asset Import Pipeline V2.
Refreshing native plugins compatible for Editor in 44.37 ms, found 2 plugins.
Preloading 0 native plugins for Editor in 0.00 ms.
Initialize engine version: 2021.1.12f1 (afcadd793de6)
[Subsystems] Discovering subsystems at path /Applications/Unity/Hub/Editor/2021.1.12f1/Unity.app/Contents/Resources/UnitySubsystems
[Subsystems] Discovering subsystems at path /Users/katherinegustilo/Documents/MSMHA/Independent Study - Lee/GitHub/Embryonic-Virtual-Heart/Assets
GfxDevice: creating device client; threaded=0; jobified=0
2021-09-30 12:49:18.258 Unity[21278:1326179] Color LCD preferred device: Intel(R) HD Graphics 615 (low power)
2021-09-30 12:49:18.258 Unity[21278:1326179] Metal devices available: 1
2021-09-30 12:49:18.258 Unity[21278:1326179] 0: Intel(R) HD Graphics 615 (low power)
2021-09-30 12:49:18.260 Unity[21278:1326179] Using device Intel(R) HD Graphics 615 (low power)
Initializing Metal device caps: Intel(R) HD Graphics 615
Initialize mono
Mono path[0] = '/Applications/Unity/Hub/Editor/2021.1.12f1/Unity.app/Contents/Managed'
Mono path[1] = '/Applications/Unity/Hub/Editor/2021.1.12f1/Unity.app/Contents/MonoBleedingEdge/lib/mono/unityjit'
Mono config path = '/Applications/Unity/Hub/Editor/2021.1.12f1/Unity.app/Contents/MonoBleedingEdge/etc'
Using monoOptions --debugger-agent=transport=dt_socket,embedding=1,server=y,suspend=n,address=127.0.0.1:56278
Begin MonoManager ReloadAssembly
Registering precompiled unity dll's ...
Register platform support module: /Applications/Unity/Hub/Editor/2021.1.12f1/Unity.app/Contents/PlaybackEngines/MacStandaloneSupport/UnityEditor.OSXStandalone.Extensions.dll
Register platform support module: /Applications/Unity/Hub/Editor/2021.1.12f1/PlaybackEngines/WindowsStandaloneSupport/UnityEditor.WindowsStandalone.Extensions.dll
Registered in 0.003744 seconds.
Native extension for WindowsStandalone target not found
Native extension for OSXStandalone target not found
Refreshing native plugins compatible for Editor in 48.41 ms, found 2 plugins.
Preloading 0 native plugins for Editor in 0.00 ms.
Mono: successfully reloaded assembly
- Completed reload, in  6.160 seconds
Domain Reload Profiling:
	ReloadAssembly (6160ms)
		BeginReloadAssembly (61ms)
			ExecutionOrderSort (0ms)
			DisableScriptedObjects (0ms)
			BackupInstance (0ms)
			ReleaseScriptingObjects (0ms)
			CreateAndSetChildDomain (1ms)
		EndReloadAssembly (818ms)
			LoadAssemblies (91ms)
			RebuildTransferFunctionScriptingTraits (0ms)
			SetupTypeCache (346ms)
			ReleaseScriptCaches (0ms)
			RebuildScriptCaches (71ms)
			SetupLoadedEditorAssemblies (288ms)
				LogAssemblyErrors (0ms)
				InitializePlatformSupportModulesInManaged (10ms)
				SetLoadedEditorAssemblies (0ms)
				RefreshPlugins (48ms)
				BeforeProcessingInitializeOnLoad (2ms)
				ProcessInitializeOnLoadAttributes (177ms)
				ProcessInitializeOnLoadMethodAttributes (49ms)
				AfterProcessingInitializeOnLoad (0ms)
				EditorAssembliesLoaded (0ms)
			ExecutionOrderSort2 (0ms)
			AwakeInstancesAfterBackupRestoration (0ms)
Platform modules already initialized, skipping
Registering precompiled user dll's ...
Registered in 0.010622 seconds.
Begin MonoManager ReloadAssembly
Native extension for WindowsStandalone target not found
Native extension for OSXStandalone target not found
Refreshing native plugins compatible for Editor in 0.48 ms, found 2 plugins.
Preloading 0 native plugins for Editor in 0.00 ms.
Mono: successfully reloaded assembly
- Completed reload, in  2.021 seconds
Domain Reload Profiling:
	ReloadAssembly (2021ms)
		BeginReloadAssembly (229ms)
			ExecutionOrderSort (0ms)
			DisableScriptedObjects (6ms)
			BackupInstance (0ms)
			ReleaseScriptingObjects (0ms)
			CreateAndSetChildDomain (49ms)
		EndReloadAssembly (1701ms)
			LoadAssemblies (293ms)
			RebuildTransferFunctionScriptingTraits (0ms)
			SetupTypeCache (498ms)
			ReleaseScriptCaches (0ms)
			RebuildScriptCaches (78ms)
			SetupLoadedEditorAssemblies (660ms)
				LogAssemblyErrors (0ms)
				InitializePlatformSupportModulesInManaged (7ms)
				SetLoadedEditorAssemblies (1ms)
				RefreshPlugins (1ms)
				BeforeProcessingInitializeOnLoad (60ms)
				ProcessInitializeOnLoadAttributes (582ms)
				ProcessInitializeOnLoadMethodAttributes (8ms)
				AfterProcessingInitializeOnLoad (2ms)
				EditorAssembliesLoaded (0ms)
			ExecutionOrderSort2 (0ms)
			AwakeInstancesAfterBackupRestoration (13ms)
Platform modules already initialized, skipping
========================================================================
Worker process is ready to serve import requests
Launching external process: /Applications/Unity/Hub/Editor/2021.1.12f1/Unity.app/Contents/Tools/UnityShaderCompiler
Launched and connected shader compiler UnityShaderCompiler after 0.04 seconds
Refreshing native plugins compatible for Editor in 0.78 ms, found 2 plugins.
Preloading 0 native plugins for Editor in 0.00 ms.
Unloading 1868 Unused Serialized files (Serialized files now loaded: 0)
System memory in use before: 169.9 MB.
System memory in use after: 169.8 MB.

Unloading 79 unused Assets to reduce memory usage. Loaded Objects now: 2313.
Total: 4.258754 ms (FindLiveObjects: 0.320293 ms CreateObjectMapping: 0.133967 ms MarkObjects: 3.600698 ms  DeleteObjects: 0.201640 ms)

AssetImportParameters requested are different than current active one (requested -> active):
  custom:video-decoder-ogg-theora: a1e56fd34408186e4bbccfd4996cb3dc -> 
  custom:container-muxer-webm: aa71ff27fc2769a1b78a27578f13a17b -> 
  custom:container-demuxer-webm: 4f35f7cbe854078d1ac9338744f61a02 -> 
  custom:container-demuxer-ogg: 62fdf1f143b41e24485cea50d1cbac27 -> 
  custom:video-encoder-webm-vp8: eb34c28f22e8b96e1ab97ce403110664 -> 
  custom:framework-osx-AVFoundation: b23960f63f64bdc6ff669e2cdcee2391 -> 
  custom:video-decoder-webm-vp8: 9c59270c3fd7afecdb556c50c9e8de78 -> 
  custom:audio-decoder-ogg-vorbis: bf7c407c2cedff20999df2af8eb42d56 -> 
  custom:audio-encoder-webm-vorbis: bf7c407c2cedff20999df2af8eb42d56 -> 
========================================================================
Received Import Request.
  path: Assets/KateAssets/VideoTestEVHApp.mp4
  artifactKey: Guid(5c84fca612fc34dbe8770b7198672112) Importer(815301076,1909f56bfc062723c751e8b465ee728b)
Start importing Assets/KateAssets/VideoTestEVHApp.mp4 using Guid(5c84fca612fc34dbe8770b7198672112) Importer(815301076,1909f56bfc062723c751e8b465ee728b)  -> (artifact id: 'f170f44638f45422ee570ebe1214b970') in 0.774680 seconds 
========================================================================
Received Import Request.
  Time since last request: 73.062086 seconds.
  path: Assets/KateAssets/New Material 1.mat
  artifactKey: Guid(f865f4913eccc417d8c2cf3fa3c94af2) Importer(815301076,1909f56bfc062723c751e8b465ee728b)
Start importing Assets/KateAssets/New Material 1.mat using Guid(f865f4913eccc417d8c2cf3fa3c94af2) Importer(815301076,1909f56bfc062723c751e8b465ee728b)  -> (artifact id: '8f41101b3cf3a38716e357bf47dd47b0') in 1.026197 seconds 
========================================================================
Received Import Request.
  Time since last request: 414.026604 seconds.
  path: Assets/KateAssets/EVHVideoTest.renderTexture
  artifactKey: Guid(cb93f5543706c4ce59bef8c6d460e17e) Importer(815301076,1909f56bfc062723c751e8b465ee728b)
Start importing Assets/KateAssets/EVHVideoTest.renderTexture using Guid(cb93f5543706c4ce59bef8c6d460e17e) Importer(815301076,1909f56bfc062723c751e8b465ee728b)  -> (artifact id: '903669256a7089facd7a98be72917e05') in 0.531748 seconds 
========================================================================
Received Prepare
Registering precompiled user dll's ...
Registered in 0.005774 seconds.
Begin MonoManager ReloadAssembly
Native extension for WindowsStandalone target not found
Native extension for OSXStandalone target not found
Refreshing native plugins compatible for Editor in 0.44 ms, found 2 plugins.
Preloading 0 native plugins for Editor in 0.00 ms.
Warning: Annotation not found!
UnityEngine.StackTraceUtility:ExtractStackTrace () (at /Users/bokken/buildslave/unity/build/Runtime/Export/Scripting/StackTrace.cs:37)
UnityEditor.ProBuilder.EditorUtility:SetGizmoIconEnabled (System.Type,bool) (at Library/PackageCache/com.unity.probuilder@5.0.3/Editor/EditorCore/EditorUtility.cs:575)
UnityEditor.ProBuilder.HierarchyListener:.cctor () (at Library/PackageCache/com.unity.probuilder@5.0.3/Editor/EditorCore/HierarchyListener.cs:21)
System.Runtime.CompilerServices.RuntimeHelpers:RunClassConstructor (System.RuntimeTypeHandle)
UnityEditor.EditorAssemblies:ProcessInitializeOnLoadAttributes (System.Type[]) (at /Users/bokken/buildslave/unity/build/Editor/Mono/EditorAssemblies.cs:134)

[/Users/bokken/buildslave/unity/build/Runtime/Export/Scripting/StackTrace.cs line 37]

Mono: successfully reloaded assembly
- Completed reload, in  1.895 seconds
Domain Reload Profiling:
	ReloadAssembly (1896ms)
		BeginReloadAssembly (271ms)
			ExecutionOrderSort (0ms)
			DisableScriptedObjects (7ms)
			BackupInstance (0ms)
			ReleaseScriptingObjects (0ms)
			CreateAndSetChildDomain (147ms)
		EndReloadAssembly (1454ms)
			LoadAssemblies (142ms)
			RebuildTransferFunctionScriptingTraits (0ms)
			SetupTypeCache (579ms)
			ReleaseScriptCaches (1ms)
			RebuildScriptCaches (72ms)
			SetupLoadedEditorAssemblies (509ms)
				LogAssemblyErrors (0ms)
				InitializePlatformSupportModulesInManaged (6ms)
				SetLoadedEditorAssemblies (1ms)
				RefreshPlugins (0ms)
				BeforeProcessingInitializeOnLoad (52ms)
				ProcessInitializeOnLoadAttributes (440ms)
				ProcessInitializeOnLoadMethodAttributes (6ms)
				AfterProcessingInitializeOnLoad (3ms)
				EditorAssembliesLoaded (0ms)
			ExecutionOrderSort2 (0ms)
			AwakeInstancesAfterBackupRestoration (16ms)
Platform modules already initialized, skipping
Refreshing native plugins compatible for Editor in 0.48 ms, found 2 plugins.
Preloading 0 native plugins for Editor in 0.00 ms.
Unloading 1827 Unused Serialized files (Serialized files now loaded: 0)
System memory in use before: 183.9 MB.
System memory in use after: 183.9 MB.

Unloading 16 unused Assets to reduce memory usage. Loaded Objects now: 2375.
Total: 2.843381 ms (FindLiveObjects: 0.175413 ms CreateObjectMapping: 0.070947 ms MarkObjects: 2.518676 ms  DeleteObjects: 0.077241 ms)

AssetImportParameters requested are different than current active one (requested -> active):
  custom:video-decoder-ogg-theora: a1e56fd34408186e4bbccfd4996cb3dc -> 
  custom:container-muxer-webm: aa71ff27fc2769a1b78a27578f13a17b -> 
  custom:container-demuxer-webm: 4f35f7cbe854078d1ac9338744f61a02 -> 
  custom:container-demuxer-ogg: 62fdf1f143b41e24485cea50d1cbac27 -> 
  custom:video-encoder-webm-vp8: eb34c28f22e8b96e1ab97ce403110664 -> 
  custom:framework-osx-AVFoundation: b23960f63f64bdc6ff669e2cdcee2391 -> 
  custom:video-decoder-webm-vp8: 9c59270c3fd7afecdb556c50c9e8de78 -> 
  custom:audio-decoder-ogg-vorbis: bf7c407c2cedff20999df2af8eb42d56 -> 
  custom:audio-encoder-webm-vorbis: bf7c407c2cedff20999df2af8eb42d56 -> 
========================================================================
Received Import Request.
  Time since last request: 1039.266112 seconds.
  path: Assets/KateAssets/VidTestRende.renderTexture
  artifactKey: Guid(cb93f5543706c4ce59bef8c6d460e17e) Importer(815301076,1909f56bfc062723c751e8b465ee728b)
Start importing Assets/KateAssets/VidTestRende.renderTexture using Guid(cb93f5543706c4ce59bef8c6d460e17e) Importer(815301076,1909f56bfc062723c751e8b465ee728b)  -> (artifact id: '4a9d81adc6709884618c8c1bc8f0c7ce') in 0.055297 seconds 
========================================================================
Received Prepare
Registering precompiled user dll's ...
Registered in 0.005660 seconds.
Begin MonoManager ReloadAssembly
Native extension for WindowsStandalone target not found
Native extension for OSXStandalone target not found
Refreshing native plugins compatible for Editor in 1.02 ms, found 2 plugins.
Preloading 0 native plugins for Editor in 0.00 ms.
Warning: Annotation not found!
UnityEngine.StackTraceUtility:ExtractStackTrace () (at /Users/bokken/buildslave/unity/build/Runtime/Export/Scripting/StackTrace.cs:37)
UnityEditor.ProBuilder.EditorUtility:SetGizmoIconEnabled (System.Type,bool) (at Library/PackageCache/com.unity.probuilder@5.0.3/Editor/EditorCore/EditorUtility.cs:575)
UnityEditor.ProBuilder.HierarchyListener:.cctor () (at Library/PackageCache/com.unity.probuilder@5.0.3/Editor/EditorCore/HierarchyListener.cs:21)
System.Runtime.CompilerServices.RuntimeHelpers:RunClassConstructor (System.RuntimeTypeHandle)
UnityEditor.EditorAssemblies:ProcessInitializeOnLoadAttributes (System.Type[]) (at /Users/bokken/buildslave/unity/build/Editor/Mono/EditorAssemblies.cs:134)

[/Users/bokken/buildslave/unity/build/Runtime/Export/Scripting/StackTrace.cs line 37]

Mono: successfully reloaded assembly
- Completed reload, in  4.550 seconds
Domain Reload Profiling:
	ReloadAssembly (4551ms)
		BeginReloadAssembly (444ms)
			ExecutionOrderSort (0ms)
			DisableScriptedObjects (23ms)
			BackupInstance (0ms)
			ReleaseScriptingObjects (0ms)
			CreateAndSetChildDomain (217ms)
		EndReloadAssembly (3858ms)
			LoadAssemblies (245ms)
			RebuildTransferFunctionScriptingTraits (0ms)
			SetupTypeCache (1221ms)
			ReleaseScriptCaches (2ms)
			RebuildScriptCaches (177ms)
			SetupLoadedEditorAssemblies (1692ms)
				LogAssemblyErrors (0ms)
				InitializePlatformSupportModulesInManaged (24ms)
				SetLoadedEditorAssemblies (1ms)
				RefreshPlugins (1ms)
				BeforeProcessingInitializeOnLoad (163ms)
				ProcessInitializeOnLoadAttributes (1469ms)
				ProcessInitializeOnLoadMethodAttributes (25ms)
				AfterProcessingInitializeOnLoad (7ms)
				EditorAssembliesLoaded (2ms)
			ExecutionOrderSort2 (0ms)
			AwakeInstancesAfterBackupRestoration (60ms)
Platform modules already initialized, skipping
Refreshing native plugins compatible for Editor in 2.73 ms, found 2 plugins.
Preloading 0 native plugins for Editor in 0.00 ms.
Unloading 1827 Unused Serialized files (Serialized files now loaded: 0)
System memory in use before: 184.6 MB.
System memory in use after: 184.6 MB.

Unloading 16 unused Assets to reduce memory usage. Loaded Objects now: 2394.
Total: 9.427227 ms (FindLiveObjects: 0.272336 ms CreateObjectMapping: 0.142977 ms MarkObjects: 8.559842 ms  DeleteObjects: 0.448343 ms)

AssetImportParameters requested are different than current active one (requested -> active):
  custom:video-decoder-ogg-theora: a1e56fd34408186e4bbccfd4996cb3dc -> 
  custom:container-muxer-webm: aa71ff27fc2769a1b78a27578f13a17b -> 
  custom:container-demuxer-webm: 4f35f7cbe854078d1ac9338744f61a02 -> 
  custom:container-demuxer-ogg: 62fdf1f143b41e24485cea50d1cbac27 -> 
  custom:video-encoder-webm-vp8: eb34c28f22e8b96e1ab97ce403110664 -> 
  custom:framework-osx-AVFoundation: b23960f63f64bdc6ff669e2cdcee2391 -> 
  custom:video-decoder-webm-vp8: 9c59270c3fd7afecdb556c50c9e8de78 -> 
  custom:audio-decoder-ogg-vorbis: bf7c407c2cedff20999df2af8eb42d56 -> 
  custom:audio-encoder-webm-vorbis: bf7c407c2cedff20999df2af8eb42d56 -> 
========================================================================
Received Import Request.
  Time since last request: 406.446334 seconds.
  path: Assets/KateAssets/EVHVideTest.mp4
  artifactKey: Guid(82065ca2342f745629615a2951c25071) Importer(815301076,1909f56bfc062723c751e8b465ee728b)
Start importing Assets/KateAssets/EVHVideTest.mp4 using Guid(82065ca2342f745629615a2951c25071) Importer(815301076,1909f56bfc062723c751e8b465ee728b)  -> (artifact id: 'a6cb0247348b06fa7f6aef19268fa24e') in 0.012869 seconds 
========================================================================
Received Prepare
Registering precompiled user dll's ...
Registered in 0.004844 seconds.
Begin MonoManager ReloadAssembly
Native extension for WindowsStandalone target not found
Native extension for OSXStandalone target not found
Refreshing native plugins compatible for Editor in 0.41 ms, found 2 plugins.
Preloading 0 native plugins for Editor in 0.00 ms.
Warning: Annotation not found!
UnityEngine.StackTraceUtility:ExtractStackTrace () (at /Users/bokken/buildslave/unity/build/Runtime/Export/Scripting/StackTrace.cs:37)
UnityEditor.ProBuilder.EditorUtility:SetGizmoIconEnabled (System.Type,bool) (at Library/PackageCache/com.unity.probuilder@5.0.3/Editor/EditorCore/EditorUtility.cs:575)
UnityEditor.ProBuilder.HierarchyListener:.cctor () (at Library/PackageCache/com.unity.probuilder@5.0.3/Editor/EditorCore/HierarchyListener.cs:21)
System.Runtime.CompilerServices.RuntimeHelpers:RunClassConstructor (System.RuntimeTypeHandle)
UnityEditor.EditorAssemblies:ProcessInitializeOnLoadAttributes (System.Type[]) (at /Users/bokken/buildslave/unity/build/Editor/Mono/EditorAssemblies.cs:134)

[/Users/bokken/buildslave/unity/build/Runtime/Export/Scripting/StackTrace.cs line 37]

Mono: successfully reloaded assembly
- Completed reload, in  1.593 seconds
Domain Reload Profiling:
	ReloadAssembly (1593ms)
		BeginReloadAssembly (231ms)
			ExecutionOrderSort (0ms)
			DisableScriptedObjects (8ms)
			BackupInstance (0ms)
			ReleaseScriptingObjects (0ms)
			CreateAndSetChildDomain (126ms)
		EndReloadAssembly (1255ms)
			LoadAssemblies (111ms)
			RebuildTransferFunctionScriptingTraits (0ms)
			SetupTypeCache (498ms)
			ReleaseScriptCaches (1ms)
			RebuildScriptCaches (70ms)
			SetupLoadedEditorAssemblies (428ms)
				LogAssemblyErrors (0ms)
				InitializePlatformSupportModulesInManaged (5ms)
				SetLoadedEditorAssemblies (0ms)
				RefreshPlugins (0ms)
				BeforeProcessingInitializeOnLoad (47ms)
				ProcessInitializeOnLoadAttributes (367ms)
				ProcessInitializeOnLoadMethodAttributes (6ms)
				AfterProcessingInitializeOnLoad (2ms)
				EditorAssembliesLoaded (0ms)
			ExecutionOrderSort2 (0ms)
			AwakeInstancesAfterBackupRestoration (16ms)
Platform modules already initialized, skipping
Refreshing native plugins compatible for Editor in 0.51 ms, found 2 plugins.
Preloading 0 native plugins for Editor in 0.00 ms.
Unloading 1826 Unused Serialized files (Serialized files now loaded: 0)
System memory in use before: 184.8 MB.
System memory in use after: 184.8 MB.

Unloading 16 unused Assets to reduce memory usage. Loaded Objects now: 2397.
Total: 2.962625 ms (FindLiveObjects: 0.183474 ms CreateObjectMapping: 0.079687 ms MarkObjects: 2.614397 ms  DeleteObjects: 0.084036 ms)

AssetImportParameters requested are different than current active one (requested -> active):
  custom:video-decoder-ogg-theora: a1e56fd34408186e4bbccfd4996cb3dc -> 
  custom:container-muxer-webm: aa71ff27fc2769a1b78a27578f13a17b -> 
  custom:container-demuxer-webm: 4f35f7cbe854078d1ac9338744f61a02 -> 
  custom:container-demuxer-ogg: 62fdf1f143b41e24485cea50d1cbac27 -> 
  custom:video-encoder-webm-vp8: eb34c28f22e8b96e1ab97ce403110664 -> 
  custom:framework-osx-AVFoundation: b23960f63f64bdc6ff669e2cdcee2391 -> 
  custom:video-decoder-webm-vp8: 9c59270c3fd7afecdb556c50c9e8de78 -> 
  custom:audio-decoder-ogg-vorbis: bf7c407c2cedff20999df2af8eb42d56 -> 
  custom:audio-encoder-webm-vorbis: bf7c407c2cedff20999df2af8eb42d56 -> 
========================================================================
Received Import Request.
  Time since last request: 2035.653247 seconds.
  path: Assets/AllScenes/AppScenes/Tetrology of Fallot EVH.unity
  artifactKey: Guid(39362ebbe6ddc4cad9d242f6bc65dfea) Importer(815301076,1909f56bfc062723c751e8b465ee728b)
Start importing Assets/AllScenes/AppScenes/Tetrology of Fallot EVH.unity using Guid(39362ebbe6ddc4cad9d242f6bc65dfea) Importer(815301076,1909f56bfc062723c751e8b465ee728b)  -> (artifact id: 'a476bf0d7cb345b8f368030fb01ef4b9') in 0.009275 seconds 
========================================================================
Received Import Request.
  Time since last request: 356.650629 seconds.
  path: Assets/AllScenes/AppScenes/Transposition of the Great Vessels EVH.unity
  artifactKey: Guid(b7e9053980d474c4dbdc1ba93bec73cf) Importer(815301076,1909f56bfc062723c751e8b465ee728b)
Start importing Assets/AllScenes/AppScenes/Transposition of the Great Vessels EVH.unity using Guid(b7e9053980d474c4dbdc1ba93bec73cf) Importer(815301076,1909f56bfc062723c751e8b465ee728b)  -> (artifact id: '2ad7202962014b9cce9dd77f544eff04') in 0.001591 seconds 
========================================================================
Received Prepare
Registering precompiled user dll's ...
Registered in 0.003292 seconds.
Begin MonoManager ReloadAssembly
Native extension for WindowsStandalone target not found
Native extension for OSXStandalone target not found
Refreshing native plugins compatible for Editor in 0.92 ms, found 2 plugins.
Preloading 0 native plugins for Editor in 0.00 ms.
Warning: Annotation not found!
UnityEngine.StackTraceUtility:ExtractStackTrace () (at /Users/bokken/buildslave/unity/build/Runtime/Export/Scripting/StackTrace.cs:37)
UnityEditor.ProBuilder.EditorUtility:SetGizmoIconEnabled (System.Type,bool) (at Library/PackageCache/com.unity.probuilder@5.0.3/Editor/EditorCore/EditorUtility.cs:575)
UnityEditor.ProBuilder.HierarchyListener:.cctor () (at Library/PackageCache/com.unity.probuilder@5.0.3/Editor/EditorCore/HierarchyListener.cs:21)
System.Runtime.CompilerServices.RuntimeHelpers:RunClassConstructor (System.RuntimeTypeHandle)
UnityEditor.EditorAssemblies:ProcessInitializeOnLoadAttributes (System.Type[]) (at /Users/bokken/buildslave/unity/build/Editor/Mono/EditorAssemblies.cs:134)

[/Users/bokken/buildslave/unity/build/Runtime/Export/Scripting/StackTrace.cs line 37]

Mono: successfully reloaded assembly
- Completed reload, in  1.966 seconds
Domain Reload Profiling:
	ReloadAssembly (1966ms)
		BeginReloadAssembly (187ms)
			ExecutionOrderSort (0ms)
			DisableScriptedObjects (8ms)
			BackupInstance (0ms)
			ReleaseScriptingObjects (0ms)
			CreateAndSetChildDomain (89ms)
		EndReloadAssembly (1635ms)
			LoadAssemblies (112ms)
			RebuildTransferFunctionScriptingTraits (0ms)
			SetupTypeCache (604ms)
			ReleaseScriptCaches (1ms)
			RebuildScriptCaches (81ms)
			SetupLoadedEditorAssemblies (607ms)
				LogAssemblyErrors (0ms)
				InitializePlatformSupportModulesInManaged (11ms)
				SetLoadedEditorAssemblies (2ms)
				RefreshPlugins (1ms)
				BeforeProcessingInitializeOnLoad (73ms)
				ProcessInitializeOnLoadAttributes (510ms)
				ProcessInitializeOnLoadMethodAttributes (7ms)
				AfterProcessingInitializeOnLoad (2ms)
				EditorAssembliesLoaded (0ms)
			ExecutionOrderSort2 (0ms)
			AwakeInstancesAfterBackupRestoration (18ms)
Platform modules already initialized, skipping
Refreshing native plugins compatible for Editor in 0.96 ms, found 2 plugins.
Preloading 0 native plugins for Editor in 0.00 ms.
Unloading 1826 Unused Serialized files (Serialized files now loaded: 0)
System memory in use before: 185.0 MB.
System memory in use after: 185.1 MB.

Unloading 16 unused Assets to reduce memory usage. Loaded Objects now: 2400.
Total: 2.979473 ms (FindLiveObjects: 0.260707 ms CreateObjectMapping: 0.129451 ms MarkObjects: 2.502847 ms  DeleteObjects: 0.085421 ms)

AssetImportParameters requested are different than current active one (requested -> active):
  custom:video-decoder-ogg-theora: a1e56fd34408186e4bbccfd4996cb3dc -> 
  custom:container-muxer-webm: aa71ff27fc2769a1b78a27578f13a17b -> 
  custom:container-demuxer-webm: 4f35f7cbe854078d1ac9338744f61a02 -> 
  custom:container-demuxer-ogg: 62fdf1f143b41e24485cea50d1cbac27 -> 
  custom:video-encoder-webm-vp8: eb34c28f22e8b96e1ab97ce403110664 -> 
  custom:framework-osx-AVFoundation: b23960f63f64bdc6ff669e2cdcee2391 -> 
  custom:video-decoder-webm-vp8: 9c59270c3fd7afecdb556c50c9e8de78 -> 
  custom:audio-decoder-ogg-vorbis: bf7c407c2cedff20999df2af8eb42d56 -> 
  custom:audio-encoder-webm-vorbis: bf7c407c2cedff20999df2af8eb42d56 -> 
========================================================================
Received Import Request.
  Time since last request: 449.352490 seconds.
  path: Assets/AllScenes/AppScenes/Transposition of the Great Vessels EVH.unity
  artifactKey: Guid(b7e9053980d474c4dbdc1ba93bec73cf) Importer(815301076,1909f56bfc062723c751e8b465ee728b)
Start importing Assets/AllScenes/AppScenes/Transposition of the Great Vessels EVH.unity using Guid(b7e9053980d474c4dbdc1ba93bec73cf) Importer(815301076,1909f56bfc062723c751e8b465ee728b)  -> (artifact id: '88a20b59d3b67061298ded9ea6e0e4b1') in 0.012770 seconds 
========================================================================
Received Import Request.
  Time since last request: 42.061464 seconds.
  path: Assets/AllScenes/AppScenes/MembranousDefectEVH.unity
  artifactKey: Guid(3e1f7fa79aa3f46fba52762236940737) Importer(815301076,1909f56bfc062723c751e8b465ee728b)
Start importing Assets/AllScenes/AppScenes/MembranousDefectEVH.unity using Guid(3e1f7fa79aa3f46fba52762236940737) Importer(815301076,1909f56bfc062723c751e8b465ee728b)  -> (artifact id: 'e477fea0bc68132cd33a7fef579862e6') in 0.004257 seconds 
========================================================================
Received Import Request.
  Time since last request: 104.090060 seconds.
  path: Assets/AllScenes/AppScenes/Truncus ArteriosusEVH.unity
  artifactKey: Guid(29ee01cce4c5f4c38bb63782b6b0c098) Importer(815301076,1909f56bfc062723c751e8b465ee728b)
Start importing Assets/AllScenes/AppScenes/Truncus ArteriosusEVH.unity using Guid(29ee01cce4c5f4c38bb63782b6b0c098) Importer(815301076,1909f56bfc062723c751e8b465ee728b)  -> (artifact id: 'bd9b9e50755705d5e7e13f1f4d79bc8d') in 0.005113 seconds 
========================================================================
Received Prepare
Registering precompiled user dll's ...
Registered in 0.002192 seconds.
Begin MonoManager ReloadAssembly
Native extension for WindowsStandalone target not found
Native extension for OSXStandalone target not found
Refreshing native plugins compatible for Editor in 0.52 ms, found 2 plugins.
Preloading 0 native plugins for Editor in 0.00 ms.
Warning: Annotation not found!
UnityEngine.StackTraceUtility:ExtractStackTrace () (at /Users/bokken/buildslave/unity/build/Runtime/Export/Scripting/StackTrace.cs:37)
UnityEditor.ProBuilder.EditorUtility:SetGizmoIconEnabled (System.Type,bool) (at Library/PackageCache/com.unity.probuilder@5.0.3/Editor/EditorCore/EditorUtility.cs:575)
UnityEditor.ProBuilder.HierarchyListener:.cctor () (at Library/PackageCache/com.unity.probuilder@5.0.3/Editor/EditorCore/HierarchyListener.cs:21)
System.Runtime.CompilerServices.RuntimeHelpers:RunClassConstructor (System.RuntimeTypeHandle)
UnityEditor.EditorAssemblies:ProcessInitializeOnLoadAttributes (System.Type[]) (at /Users/bokken/buildslave/unity/build/Editor/Mono/EditorAssemblies.cs:134)

[/Users/bokken/buildslave/unity/build/Runtime/Export/Scripting/StackTrace.cs line 37]

Mono: successfully reloaded assembly
- Completed reload, in  1.576 seconds
Domain Reload Profiling:
	ReloadAssembly (1576ms)
		BeginReloadAssembly (226ms)
			ExecutionOrderSort (0ms)
			DisableScriptedObjects (12ms)
			BackupInstance (0ms)
			ReleaseScriptingObjects (0ms)
			CreateAndSetChildDomain (118ms)
		EndReloadAssembly (1251ms)
			LoadAssemblies (103ms)
			RebuildTransferFunctionScriptingTraits (0ms)
			SetupTypeCache (494ms)
			ReleaseScriptCaches (1ms)
			RebuildScriptCaches (67ms)
			SetupLoadedEditorAssemblies (417ms)
				LogAssemblyErrors (0ms)
				InitializePlatformSupportModulesInManaged (7ms)
				SetLoadedEditorAssemblies (1ms)
				RefreshPlugins (1ms)
				BeforeProcessingInitializeOnLoad (51ms)
				ProcessInitializeOnLoadAttributes (350ms)
				ProcessInitializeOnLoadMethodAttributes (7ms)
				AfterProcessingInitializeOnLoad (2ms)
				EditorAssembliesLoaded (0ms)
			ExecutionOrderSort2 (0ms)
			AwakeInstancesAfterBackupRestoration (17ms)
Platform modules already initialized, skipping
Refreshing native plugins compatible for Editor in 0.51 ms, found 2 plugins.
Preloading 0 native plugins for Editor in 0.00 ms.
Unloading 1826 Unused Serialized files (Serialized files now loaded: 0)
System memory in use before: 185.3 MB.
System memory in use after: 185.4 MB.

Unloading 16 unused Assets to reduce memory usage. Loaded Objects now: 2403.
Total: 3.856788 ms (FindLiveObjects: 0.192539 ms CreateObjectMapping: 0.078888 ms MarkObjects: 3.488544 ms  DeleteObjects: 0.095782 ms)

AssetImportParameters requested are different than current active one (requested -> active):
  custom:video-decoder-ogg-theora: a1e56fd34408186e4bbccfd4996cb3dc -> 
  custom:container-muxer-webm: aa71ff27fc2769a1b78a27578f13a17b -> 
  custom:container-demuxer-webm: 4f35f7cbe854078d1ac9338744f61a02 -> 
  custom:container-demuxer-ogg: 62fdf1f143b41e24485cea50d1cbac27 -> 
  custom:video-encoder-webm-vp8: eb34c28f22e8b96e1ab97ce403110664 -> 
  custom:framework-osx-AVFoundation: b23960f63f64bdc6ff669e2cdcee2391 -> 
  custom:video-decoder-webm-vp8: 9c59270c3fd7afecdb556c50c9e8de78 -> 
  custom:audio-decoder-ogg-vorbis: bf7c407c2cedff20999df2af8eb42d56 -> 
  custom:audio-encoder-webm-vorbis: bf7c407c2cedff20999df2af8eb42d56 -> 
========================================================================
Received Import Request.
  Time since last request: 299.601287 seconds.
  path: Assets/AllScenes/AppScenes/HowToUseModule.unity
  artifactKey: Guid(8650e2f6b02fc4aecb8ce256b819d254) Importer(815301076,1909f56bfc062723c751e8b465ee728b)
Start importing Assets/AllScenes/AppScenes/HowToUseModule.unity using Guid(8650e2f6b02fc4aecb8ce256b819d254) Importer(815301076,1909f56bfc062723c751e8b465ee728b)  -> (artifact id: 'e13e1dff986ae217326a99c28e87f3d2') in 0.013202 seconds 
========================================================================
Received Import Request.
  Time since last request: 66.539439 seconds.
  path: Assets/AllScenes/AppScenes/Welcome Screen.unity
  artifactKey: Guid(319684ecff7a549bcac47c80e95ce849) Importer(815301076,1909f56bfc062723c751e8b465ee728b)
Start importing Assets/AllScenes/AppScenes/Welcome Screen.unity using Guid(319684ecff7a549bcac47c80e95ce849) Importer(815301076,1909f56bfc062723c751e8b465ee728b)  -> (artifact id: 'b9c2d0018cadba0f4e755c55d967c499') in 0.003423 seconds 
========================================================================
Received Import Request.
  Time since last request: 185.721268 seconds.
  path: Assets/AllScenes/AppScenes/Tetrology of Fallot EVH.unity
  artifactKey: Guid(39362ebbe6ddc4cad9d242f6bc65dfea) Importer(815301076,1909f56bfc062723c751e8b465ee728b)
Start importing Assets/AllScenes/AppScenes/Tetrology of Fallot EVH.unity using Guid(39362ebbe6ddc4cad9d242f6bc65dfea) Importer(815301076,1909f56bfc062723c751e8b465ee728b)  -> (artifact id: '9a1da3072f7d505ffb80ecd8528bea43') in 0.004033 seconds 
========================================================================
Received Prepare
Registering precompiled user dll's ...
Registered in 0.004780 seconds.
Begin MonoManager ReloadAssembly
Native extension for WindowsStandalone target not found
Native extension for OSXStandalone target not found
Refreshing native plugins compatible for Editor in 0.45 ms, found 2 plugins.
Preloading 0 native plugins for Editor in 0.00 ms.
Warning: Annotation not found!
UnityEngine.StackTraceUtility:ExtractStackTrace () (at /Users/bokken/buildslave/unity/build/Runtime/Export/Scripting/StackTrace.cs:37)
UnityEditor.ProBuilder.EditorUtility:SetGizmoIconEnabled (System.Type,bool) (at Library/PackageCache/com.unity.probuilder@5.0.3/Editor/EditorCore/EditorUtility.cs:575)
UnityEditor.ProBuilder.HierarchyListener:.cctor () (at Library/PackageCache/com.unity.probuilder@5.0.3/Editor/EditorCore/HierarchyListener.cs:21)
System.Runtime.CompilerServices.RuntimeHelpers:RunClassConstructor (System.RuntimeTypeHandle)
UnityEditor.EditorAssemblies:ProcessInitializeOnLoadAttributes (System.Type[]) (at /Users/bokken/buildslave/unity/build/Editor/Mono/EditorAssemblies.cs:134)

[/Users/bokken/buildslave/unity/build/Runtime/Export/Scripting/StackTrace.cs line 37]

Mono: successfully reloaded assembly
- Completed reload, in  2.405 seconds
Domain Reload Profiling:
	ReloadAssembly (2406ms)
		BeginReloadAssembly (221ms)
			ExecutionOrderSort (0ms)
			DisableScriptedObjects (9ms)
			BackupInstance (0ms)
			ReleaseScriptingObjects (0ms)
			CreateAndSetChildDomain (97ms)
		EndReloadAssembly (2022ms)
			LoadAssemblies (143ms)
			RebuildTransferFunctionScriptingTraits (0ms)
			SetupTypeCache (859ms)
			ReleaseScriptCaches (1ms)
			RebuildScriptCaches (109ms)
			SetupLoadedEditorAssemblies (649ms)
				LogAssemblyErrors (0ms)
				InitializePlatformSupportModulesInManaged (10ms)
				SetLoadedEditorAssemblies (1ms)
				RefreshPlugins (1ms)
				BeforeProcessingInitializeOnLoad (72ms)
				ProcessInitializeOnLoadAttributes (557ms)
				ProcessInitializeOnLoadMethodAttributes (7ms)
				AfterProcessingInitializeOnLoad (2ms)
				EditorAssembliesLoaded (0ms)
			ExecutionOrderSort2 (0ms)
			AwakeInstancesAfterBackupRestoration (18ms)
Platform modules already initialized, skipping
Refreshing native plugins compatible for Editor in 1.16 ms, found 2 plugins.
Preloading 0 native plugins for Editor in 0.00 ms.
Unloading 1826 Unused Serialized files (Serialized files now loaded: 0)
System memory in use before: 185.6 MB.
System memory in use after: 185.6 MB.

Unloading 16 unused Assets to reduce memory usage. Loaded Objects now: 2406.
Total: 6.330566 ms (FindLiveObjects: 0.347777 ms CreateObjectMapping: 0.166675 ms MarkObjects: 5.681217 ms  DeleteObjects: 0.133197 ms)

AssetImportParameters requested are different than current active one (requested -> active):
  custom:video-decoder-ogg-theora: a1e56fd34408186e4bbccfd4996cb3dc -> 
  custom:container-muxer-webm: aa71ff27fc2769a1b78a27578f13a17b -> 
  custom:container-demuxer-webm: 4f35f7cbe854078d1ac9338744f61a02 -> 
  custom:container-demuxer-ogg: 62fdf1f143b41e24485cea50d1cbac27 -> 
  custom:video-encoder-webm-vp8: eb34c28f22e8b96e1ab97ce403110664 -> 
  custom:framework-osx-AVFoundation: b23960f63f64bdc6ff669e2cdcee2391 -> 
  custom:video-decoder-webm-vp8: 9c59270c3fd7afecdb556c50c9e8de78 -> 
  custom:audio-decoder-ogg-vorbis: bf7c407c2cedff20999df2af8eb42d56 -> 
  custom:audio-encoder-webm-vorbis: bf7c407c2cedff20999df2af8eb42d56 -> 
========================================================================
Received Import Request.
  Time since last request: 10991.286437 seconds.
  path: Assets/AllScenes/AppScenes/Normal EVH.unity
  artifactKey: Guid(72552ae199cbe450389b6eae1cc2b4f0) Importer(815301076,1909f56bfc062723c751e8b465ee728b)
Start importing Assets/AllScenes/AppScenes/Normal EVH.unity using Guid(72552ae199cbe450389b6eae1cc2b4f0) Importer(815301076,1909f56bfc062723c751e8b465ee728b)  -> (artifact id: '3d21dbb6c41df41947ab9de8bb755939') in 0.019417 seconds 
========================================================================
Received Import Request.
  Time since last request: 80800.141426 seconds.
  path: Assets/AllScenes/AppScenes/Learning Objectives.unity
  artifactKey: Guid(e6b4b7538b5d44931bc93893eddfe74f) Importer(815301076,1909f56bfc062723c751e8b465ee728b)
Start importing Assets/AllScenes/AppScenes/Learning Objectives.unity using Guid(e6b4b7538b5d44931bc93893eddfe74f) Importer(815301076,1909f56bfc062723c751e8b465ee728b)  -> (artifact id: '93dfa4fc3ab7bf48894475b08ce85ccf') in 0.053265 seconds 
