Using pre-set license
Pro License: NO

 COMMAND LINE ARGUMENTS:
/Applications/Unity/Hub/Editor/2021.1.12f1/Unity.app/Contents/MacOS/Unity
-adb2
-batchMode
-noUpm
-name
AssetImportWorker6
-projectPath
/Users/katherinegustilo/Documents/MSMHA/Independent Study - Lee/GitHub/Embryonic-Virtual-Heart
-logFile
Logs/AssetImportWorker6.log
-srvPort
59881
Successfully changed project path to: /Users/katherinegustilo/Documents/MSMHA/Independent Study - Lee/GitHub/Embryonic-Virtual-Heart
/Users/katherinegustilo/Documents/MSMHA/Independent Study - Lee/GitHub/Embryonic-Virtual-Heart
Using Asset Import Pipeline V2.
Refreshing native plugins compatible for Editor in 325.38 ms, found 2 plugins.
Preloading 0 native plugins for Editor in 0.00 ms.
Initialize engine version: 2021.1.12f1 (afcadd793de6)
[Subsystems] Discovering subsystems at path /Applications/Unity/Hub/Editor/2021.1.12f1/Unity.app/Contents/Resources/UnitySubsystems
[Subsystems] Discovering subsystems at path /Users/katherinegustilo/Documents/MSMHA/Independent Study - Lee/GitHub/Embryonic-Virtual-Heart/Assets
GfxDevice: creating device client; threaded=0; jobified=0
2021-06-23 21:34:53.268 Unity[8632:319980] Color LCD preferred device: Intel(R) HD Graphics 615 (low power)
2021-06-23 21:34:53.268 Unity[8632:319980] Metal devices available: 1
2021-06-23 21:34:53.269 Unity[8632:319980] 0: Intel(R) HD Graphics 615 (low power)
2021-06-23 21:34:53.280 Unity[8632:319980] Using device Intel(R) HD Graphics 615 (low power)
Initializing Metal device caps: Intel(R) HD Graphics 615
Initialize mono
Mono path[0] = '/Applications/Unity/Hub/Editor/2021.1.12f1/Unity.app/Contents/Managed'
Mono path[1] = '/Applications/Unity/Hub/Editor/2021.1.12f1/Unity.app/Contents/MonoBleedingEdge/lib/mono/unityjit'
Mono config path = '/Applications/Unity/Hub/Editor/2021.1.12f1/Unity.app/Contents/MonoBleedingEdge/etc'
Using monoOptions --debugger-agent=transport=dt_socket,embedding=1,server=y,suspend=n,address=127.0.0.1:56632
Begin MonoManager ReloadAssembly
Registering precompiled unity dll's ...
Register platform support module: /Applications/Unity/Hub/Editor/2021.1.12f1/Unity.app/Contents/PlaybackEngines/MacStandaloneSupport/UnityEditor.OSXStandalone.Extensions.dll
Register platform support module: /Applications/Unity/Hub/Editor/2021.1.12f1/PlaybackEngines/WindowsStandaloneSupport/UnityEditor.WindowsStandalone.Extensions.dll
Registered in 0.020616 seconds.
