Using pre-set license
Pro License: NO

 COMMAND LINE ARGUMENTS:
/Applications/Unity/Hub/Editor/2021.1.12f1/Unity.app/Contents/MacOS/Unity
-adb2
-batchMode
-noUpm
-name
AssetImportWorker0
-projectPath
/Users/katherinegustilo/Documents/MSMHA/Independent Study - Lee/GitHub/Embryonic-Virtual-Heart
-logFile
Logs/AssetImportWorker0.log
-srvPort
50180
Successfully changed project path to: /Users/katherinegustilo/Documents/MSMHA/Independent Study - Lee/GitHub/Embryonic-Virtual-Heart
/Users/katherinegustilo/Documents/MSMHA/Independent Study - Lee/GitHub/Embryonic-Virtual-Heart
Using Asset Import Pipeline V2.
Refreshing native plugins compatible for Editor in 54.01 ms, found 2 plugins.
Preloading 0 native plugins for Editor in 0.00 ms.
Initialize engine version: 2021.1.12f1 (afcadd793de6)
[Subsystems] Discovering subsystems at path /Applications/Unity/Hub/Editor/2021.1.12f1/Unity.app/Contents/Resources/UnitySubsystems
[Subsystems] Discovering subsystems at path /Users/katherinegustilo/Documents/MSMHA/Independent Study - Lee/GitHub/Embryonic-Virtual-Heart/Assets
GfxDevice: creating device client; threaded=0; jobified=0
2021-10-05 12:41:50.458 Unity[3672:51172] Color LCD preferred device: Intel(R) HD Graphics 615 (low power)
2021-10-05 12:41:50.458 Unity[3672:51172] Metal devices available: 1
2021-10-05 12:41:50.458 Unity[3672:51172] 0: Intel(R) HD Graphics 615 (low power)
2021-10-05 12:41:50.458 Unity[3672:51172] Using device Intel(R) HD Graphics 615 (low power)
Initializing Metal device caps: Intel(R) HD Graphics 615
Initialize mono
Mono path[0] = '/Applications/Unity/Hub/Editor/2021.1.12f1/Unity.app/Contents/Managed'
Mono path[1] = '/Applications/Unity/Hub/Editor/2021.1.12f1/Unity.app/Contents/MonoBleedingEdge/lib/mono/unityjit'
Mono config path = '/Applications/Unity/Hub/Editor/2021.1.12f1/Unity.app/Contents/MonoBleedingEdge/etc'
Using monoOptions --debugger-agent=transport=dt_socket,embedding=1,server=y,suspend=n,address=127.0.0.1:56672
Begin MonoManager ReloadAssembly
Registering precompiled unity dll's ...
Register platform support module: /Applications/Unity/Hub/Editor/2021.1.12f1/Unity.app/Contents/PlaybackEngines/MacStandaloneSupport/UnityEditor.OSXStandalone.Extensions.dll
Register platform support module: /Applications/Unity/Hub/Editor/2021.1.12f1/PlaybackEngines/WindowsStandaloneSupport/UnityEditor.WindowsStandalone.Extensions.dll
Registered in 0.001135 seconds.
Native extension for WindowsStandalone target not found
Native extension for OSXStandalone target not found
Refreshing native plugins compatible for Editor in 46.93 ms, found 2 plugins.
Preloading 0 native plugins for Editor in 0.00 ms.
Mono: successfully reloaded assembly
- Completed reload, in  3.049 seconds
Domain Reload Profiling:
	ReloadAssembly (3049ms)
		BeginReloadAssembly (61ms)
			ExecutionOrderSort (0ms)
			DisableScriptedObjects (0ms)
			BackupInstance (0ms)
			ReleaseScriptingObjects (0ms)
			CreateAndSetChildDomain (1ms)
		EndReloadAssembly (706ms)
			LoadAssemblies (59ms)
			RebuildTransferFunctionScriptingTraits (0ms)
			SetupTypeCache (319ms)
			ReleaseScriptCaches (0ms)
			RebuildScriptCaches (53ms)
			SetupLoadedEditorAssemblies (270ms)
				LogAssemblyErrors (0ms)
				InitializePlatformSupportModulesInManaged (10ms)
				SetLoadedEditorAssemblies (0ms)
				RefreshPlugins (47ms)
				BeforeProcessingInitializeOnLoad (2ms)
				ProcessInitializeOnLoadAttributes (169ms)
				ProcessInitializeOnLoadMethodAttributes (41ms)
				AfterProcessingInitializeOnLoad (0ms)
				EditorAssembliesLoaded (0ms)
			ExecutionOrderSort2 (0ms)
			AwakeInstancesAfterBackupRestoration (0ms)
Platform modules already initialized, skipping
Registering precompiled user dll's ...
Registered in 0.002150 seconds.
Begin MonoManager ReloadAssembly
Native extension for WindowsStandalone target not found
Native extension for OSXStandalone target not found
Refreshing native plugins compatible for Editor in 0.44 ms, found 2 plugins.
Preloading 0 native plugins for Editor in 0.00 ms.
Mono: successfully reloaded assembly
- Completed reload, in  1.828 seconds
Domain Reload Profiling:
	ReloadAssembly (1829ms)
		BeginReloadAssembly (242ms)
			ExecutionOrderSort (0ms)
			DisableScriptedObjects (7ms)
			BackupInstance (0ms)
			ReleaseScriptingObjects (0ms)
			CreateAndSetChildDomain (55ms)
		EndReloadAssembly (1498ms)
			LoadAssemblies (105ms)
			RebuildTransferFunctionScriptingTraits (0ms)
			SetupTypeCache (474ms)
			ReleaseScriptCaches (1ms)
			RebuildScriptCaches (81ms)
			SetupLoadedEditorAssemblies (656ms)
				LogAssemblyErrors (0ms)
				InitializePlatformSupportModulesInManaged (7ms)
				SetLoadedEditorAssemblies (1ms)
				RefreshPlugins (0ms)
				BeforeProcessingInitializeOnLoad (57ms)
				ProcessInitializeOnLoadAttributes (580ms)
				ProcessInitializeOnLoadMethodAttributes (8ms)
				AfterProcessingInitializeOnLoad (3ms)
				EditorAssembliesLoaded (0ms)
			ExecutionOrderSort2 (0ms)
			AwakeInstancesAfterBackupRestoration (11ms)
Platform modules already initialized, skipping
========================================================================
Worker process is ready to serve import requests
Launching external process: /Applications/Unity/Hub/Editor/2021.1.12f1/Unity.app/Contents/Tools/UnityShaderCompiler
Launched and connected shader compiler UnityShaderCompiler after 0.08 seconds
Refreshing native plugins compatible for Editor in 0.44 ms, found 2 plugins.
Preloading 0 native plugins for Editor in 0.00 ms.
Unloading 1842 Unused Serialized files (Serialized files now loaded: 0)
System memory in use before: 169.3 MB.
System memory in use after: 169.3 MB.

Unloading 79 unused Assets to reduce memory usage. Loaded Objects now: 2287.
Total: 4.745729 ms (FindLiveObjects: 0.339159 ms CreateObjectMapping: 0.158698 ms MarkObjects: 4.061803 ms  DeleteObjects: 0.184539 ms)

AssetImportParameters requested are different than current active one (requested -> active):
  custom:video-decoder-ogg-theora: a1e56fd34408186e4bbccfd4996cb3dc -> 
  custom:container-muxer-webm: aa71ff27fc2769a1b78a27578f13a17b -> 
  custom:container-demuxer-webm: 4f35f7cbe854078d1ac9338744f61a02 -> 
  custom:container-demuxer-ogg: 62fdf1f143b41e24485cea50d1cbac27 -> 
  custom:video-encoder-webm-vp8: eb34c28f22e8b96e1ab97ce403110664 -> 
  custom:framework-osx-AVFoundation: b23960f63f64bdc6ff669e2cdcee2391 -> 
  custom:video-decoder-webm-vp8: 9c59270c3fd7afecdb556c50c9e8de78 -> 
  custom:audio-decoder-ogg-vorbis: bf7c407c2cedff20999df2af8eb42d56 -> 
  custom:audio-encoder-webm-vorbis: bf7c407c2cedff20999df2af8eb42d56 -> 
========================================================================
Received Import Request.
  path: Assets/KateAssets/Video Render.renderTexture
  artifactKey: Guid(08d647ddd99204e168ad9e006141fb77) Importer(815301076,1909f56bfc062723c751e8b465ee728b)
Start importing Assets/KateAssets/Video Render.renderTexture using Guid(08d647ddd99204e168ad9e006141fb77) Importer(815301076,1909f56bfc062723c751e8b465ee728b)  -> (artifact id: '498c4f1d86a298b1a24cee3c273717b3') in 0.643352 seconds 
========================================================================
Received Import Request.
  Time since last request: 64.498575 seconds.
  path: Assets/KateAssets/KateAssets
  artifactKey: Guid(770beec01a0364323879d88195b43cbb) Importer(815301076,1909f56bfc062723c751e8b465ee728b)
Start importing Assets/KateAssets/KateAssets using Guid(770beec01a0364323879d88195b43cbb) Importer(815301076,1909f56bfc062723c751e8b465ee728b)  -> (artifact id: '66aafc1998fc3376a76245537d18a366') in 0.002317 seconds 
========================================================================
Received Import Request.
  Time since last request: 2.676989 seconds.
  path: Assets/KateAssets/KateAssets/EVH Pic.png
  artifactKey: Guid(8f3e0519ba32448f0bd1e7b38716da97) Importer(815301076,1909f56bfc062723c751e8b465ee728b)
Start importing Assets/KateAssets/KateAssets/EVH Pic.png using Guid(8f3e0519ba32448f0bd1e7b38716da97) Importer(815301076,1909f56bfc062723c751e8b465ee728b)  -> (artifact id: '084e748c6f8be0bc522836857c7f5939') in 0.695255 seconds 
========================================================================
Received Import Request.
  Time since last request: 0.000314 seconds.
  path: Assets/KateAssets/KateAssets/Transposition.obj
  artifactKey: Guid(030b6612ce5d540b1b95e9e326b7b578) Importer(815301076,1909f56bfc062723c751e8b465ee728b)
Start importing Assets/KateAssets/KateAssets/Transposition.obj using Guid(030b6612ce5d540b1b95e9e326b7b578) Importer(815301076,1909f56bfc062723c751e8b465ee728b)  -> (artifact id: 'f3f4a1c27bcb4c4d3aa6b6fca3e502ac') in 0.920643 seconds 
========================================================================
Received Import Request.
  Time since last request: 0.000324 seconds.
  path: Assets/KateAssets/KateAssets/Tetrology_Update.OBJ
  artifactKey: Guid(b553dd01cfa7240928838b39507ae2d9) Importer(815301076,1909f56bfc062723c751e8b465ee728b)
Start importing Assets/KateAssets/KateAssets/Tetrology_Update.OBJ using Guid(b553dd01cfa7240928838b39507ae2d9) Importer(815301076,1909f56bfc062723c751e8b465ee728b)  -> (artifact id: 'b797844ad402fad1b7dce50a40196ca3') in 0.742763 seconds 
========================================================================
Received Import Request.
  Time since last request: 0.000366 seconds.
  path: Assets/KateAssets/KateAssets/TruncusArteriosus.OBJ
  artifactKey: Guid(a08ad17f5f0a64b9bad8f85e7a16bb5a) Importer(815301076,1909f56bfc062723c751e8b465ee728b)
Start importing Assets/KateAssets/KateAssets/TruncusArteriosus.OBJ using Guid(a08ad17f5f0a64b9bad8f85e7a16bb5a) Importer(815301076,1909f56bfc062723c751e8b465ee728b)  -> (artifact id: 'b30e02cf354de28aef56816a272e40c2') in 0.214022 seconds 
========================================================================
Received Import Request.
  Time since last request: 0.000370 seconds.
  path: Assets/KateAssets/KateAssets/Normal.OBJ
  artifactKey: Guid(9aad28f0627b04256a3755f9acf08eb0) Importer(815301076,1909f56bfc062723c751e8b465ee728b)
Start importing Assets/KateAssets/KateAssets/Normal.OBJ using Guid(9aad28f0627b04256a3755f9acf08eb0) Importer(815301076,1909f56bfc062723c751e8b465ee728b)  -> (artifact id: '7fec73f22a72b990fe3bcd694aa49387') in 0.248990 seconds 
========================================================================
Received Import Request.
  Time since last request: 0.000325 seconds.
  path: Assets/KateAssets/KateAssets/Septum Normal.mat
  artifactKey: Guid(f5790988d5a22477f974cd319459db76) Importer(815301076,1909f56bfc062723c751e8b465ee728b)
Start importing Assets/KateAssets/KateAssets/Septum Normal.mat using Guid(f5790988d5a22477f974cd319459db76) Importer(815301076,1909f56bfc062723c751e8b465ee728b)  -> (artifact id: '59aaa8cb838c9894a688395718b379d6') in 0.497176 seconds 
========================================================================
Received Import Request.
  Time since last request: 0.000252 seconds.
  path: Assets/KateAssets/KateAssets/MembranousDefect.OBJ
  artifactKey: Guid(bbf72f16680694cd6afc127766853ad7) Importer(815301076,1909f56bfc062723c751e8b465ee728b)
Start importing Assets/KateAssets/KateAssets/MembranousDefect.OBJ using Guid(bbf72f16680694cd6afc127766853ad7) Importer(815301076,1909f56bfc062723c751e8b465ee728b)  -> (artifact id: 'e1b3f162c22e12becc636cfe9e5d4d07') in 0.236541 seconds 
========================================================================
Received Import Request.
  Time since last request: 0.000290 seconds.
  path: Assets/KateAssets/KateAssets/MembranousDefectSeptium.mat
  artifactKey: Guid(69a217f158ee84fb0bce3d1e9c42a05c) Importer(815301076,1909f56bfc062723c751e8b465ee728b)
Start importing Assets/KateAssets/KateAssets/MembranousDefectSeptium.mat using Guid(69a217f158ee84fb0bce3d1e9c42a05c) Importer(815301076,1909f56bfc062723c751e8b465ee728b)  -> (artifact id: '5d7ce49a8c01903788299f05bafe1f83') in 0.013331 seconds 
========================================================================
Received Import Request.
  Time since last request: 0.000565 seconds.
  path: Assets/KateAssets/KateAssets/Septum TOF.mat
  artifactKey: Guid(a9417ef4b943941da9af91eddb2fb9eb) Importer(815301076,1909f56bfc062723c751e8b465ee728b)
Start importing Assets/KateAssets/KateAssets/Septum TOF.mat using Guid(a9417ef4b943941da9af91eddb2fb9eb) Importer(815301076,1909f56bfc062723c751e8b465ee728b)  -> (artifact id: '437c03194668521012bcd63b58b28b6c') in 0.022406 seconds 
========================================================================
Received Import Request.
  Time since last request: 0.000276 seconds.
  path: Assets/KateAssets/KateAssets/Model coating.mat
  artifactKey: Guid(b2c6737342c514445a10f3aaf3836d49) Importer(815301076,1909f56bfc062723c751e8b465ee728b)
Start importing Assets/KateAssets/KateAssets/Model coating.mat using Guid(b2c6737342c514445a10f3aaf3836d49) Importer(815301076,1909f56bfc062723c751e8b465ee728b)  -> (artifact id: 'b4d145b74e565831a7e47e7222a6f577') in 0.032090 seconds 
========================================================================
Received Import Request.
  Time since last request: 0.000251 seconds.
  path: Assets/KateAssets/KateAssets/Video Render.renderTexture
  artifactKey: Guid(f39465ed9b6bc430bb6227766bc37138) Importer(815301076,1909f56bfc062723c751e8b465ee728b)
Start importing Assets/KateAssets/KateAssets/Video Render.renderTexture using Guid(f39465ed9b6bc430bb6227766bc37138) Importer(815301076,1909f56bfc062723c751e8b465ee728b)  -> (artifact id: 'b37ca612ac980876f6ef394522ee5655') in 0.061759 seconds 
========================================================================
Received Import Request.
  Time since last request: 0.000360 seconds.
  path: Assets/KateAssets/KateAssets/New Material.mat
  artifactKey: Guid(05c985682898c4ec594e863e590c8d32) Importer(815301076,1909f56bfc062723c751e8b465ee728b)
Start importing Assets/KateAssets/KateAssets/New Material.mat using Guid(05c985682898c4ec594e863e590c8d32) Importer(815301076,1909f56bfc062723c751e8b465ee728b)  -> (artifact id: '7eea4b6241ee08000aad6d005e1fda1d') in 0.012479 seconds 
========================================================================
Received Import Request.
  Time since last request: 0.000245 seconds.
  path: Assets/KateAssets/KateAssets/UnityTestButton.png
  artifactKey: Guid(099fe811f69e848f7a14eaa58d15dd07) Importer(815301076,1909f56bfc062723c751e8b465ee728b)
Start importing Assets/KateAssets/KateAssets/UnityTestButton.png using Guid(099fe811f69e848f7a14eaa58d15dd07) Importer(815301076,1909f56bfc062723c751e8b465ee728b)  -> (artifact id: '2ed6359b1bc1bfb5d324e57f35d250d1') in 0.025940 seconds 
========================================================================
Received Import Request.
  Time since last request: 0.000425 seconds.
  path: Assets/KateAssets/KateAssets/VID_20210804_123430728.mp4
  artifactKey: Guid(774c84487bbd24f98b1b5393b385d867) Importer(815301076,1909f56bfc062723c751e8b465ee728b)
Start importing Assets/KateAssets/KateAssets/VID_20210804_123430728.mp4 using Guid(774c84487bbd24f98b1b5393b385d867) Importer(815301076,1909f56bfc062723c751e8b465ee728b)  -> (artifact id: 'ba2d768f5fcc72150ce3fc2fd74d3433') in 0.675667 seconds 
========================================================================
Received Import Request.
  Time since last request: 0.000379 seconds.
  path: Assets/KateAssets/KateAssets/Septum Transposition.mat
  artifactKey: Guid(a57065ede88ff4141a291558eb60712d) Importer(815301076,1909f56bfc062723c751e8b465ee728b)
Start importing Assets/KateAssets/KateAssets/Septum Transposition.mat using Guid(a57065ede88ff4141a291558eb60712d) Importer(815301076,1909f56bfc062723c751e8b465ee728b)  -> (artifact id: 'df0f9205a2f621e93b2f153147c31074') in 0.015904 seconds 
========================================================================
Received Import Request.
  Time since last request: 0.000262 seconds.
  path: Assets/KateAssets/KateAssets/Purple Material.mat
  artifactKey: Guid(dcae994bb400c464fb2892e3949ce3cc) Importer(815301076,1909f56bfc062723c751e8b465ee728b)
Start importing Assets/KateAssets/KateAssets/Purple Material.mat using Guid(dcae994bb400c464fb2892e3949ce3cc) Importer(815301076,1909f56bfc062723c751e8b465ee728b)  -> (artifact id: 'c4904e800770ad678c1cac0a1b52f1d9') in 0.017990 seconds 
========================================================================
Received Prepare
Registering precompiled user dll's ...
Registered in 0.002591 seconds.
Begin MonoManager ReloadAssembly
Native extension for WindowsStandalone target not found
Native extension for OSXStandalone target not found
Refreshing native plugins compatible for Editor in 0.50 ms, found 2 plugins.
Preloading 0 native plugins for Editor in 0.00 ms.
Warning: Annotation not found!
UnityEngine.StackTraceUtility:ExtractStackTrace () (at /Users/bokken/buildslave/unity/build/Runtime/Export/Scripting/StackTrace.cs:37)
UnityEditor.ProBuilder.EditorUtility:SetGizmoIconEnabled (System.Type,bool) (at Library/PackageCache/com.unity.probuilder@5.0.3/Editor/EditorCore/EditorUtility.cs:575)
UnityEditor.ProBuilder.HierarchyListener:.cctor () (at Library/PackageCache/com.unity.probuilder@5.0.3/Editor/EditorCore/HierarchyListener.cs:21)
System.Runtime.CompilerServices.RuntimeHelpers:RunClassConstructor (System.RuntimeTypeHandle)
UnityEditor.EditorAssemblies:ProcessInitializeOnLoadAttributes (System.Type[]) (at /Users/bokken/buildslave/unity/build/Editor/Mono/EditorAssemblies.cs:134)

[/Users/bokken/buildslave/unity/build/Runtime/Export/Scripting/StackTrace.cs line 37]

Mono: successfully reloaded assembly
- Completed reload, in  1.692 seconds
Domain Reload Profiling:
	ReloadAssembly (1692ms)
		BeginReloadAssembly (207ms)
			ExecutionOrderSort (0ms)
			DisableScriptedObjects (5ms)
			BackupInstance (0ms)
			ReleaseScriptingObjects (0ms)
			CreateAndSetChildDomain (103ms)
		EndReloadAssembly (1381ms)
			LoadAssemblies (105ms)
			RebuildTransferFunctionScriptingTraits (0ms)
			SetupTypeCache (545ms)
			ReleaseScriptCaches (1ms)
			RebuildScriptCaches (82ms)
			SetupLoadedEditorAssemblies (457ms)
				LogAssemblyErrors (0ms)
				InitializePlatformSupportModulesInManaged (7ms)
				SetLoadedEditorAssemblies (1ms)
				RefreshPlugins (1ms)
				BeforeProcessingInitializeOnLoad (55ms)
				ProcessInitializeOnLoadAttributes (385ms)
				ProcessInitializeOnLoadMethodAttributes (6ms)
				AfterProcessingInitializeOnLoad (2ms)
				EditorAssembliesLoaded (0ms)
			ExecutionOrderSort2 (0ms)
			AwakeInstancesAfterBackupRestoration (16ms)
Platform modules already initialized, skipping
Refreshing native plugins compatible for Editor in 0.45 ms, found 2 plugins.
Preloading 0 native plugins for Editor in 0.00 ms.
Unloading 1804 Unused Serialized files (Serialized files now loaded: 0)
System memory in use before: 199.3 MB.
System memory in use after: 199.3 MB.

Unloading 16 unused Assets to reduce memory usage. Loaded Objects now: 2398.
Total: 3.287455 ms (FindLiveObjects: 0.203590 ms CreateObjectMapping: 0.147592 ms MarkObjects: 2.842664 ms  DeleteObjects: 0.092408 ms)

AssetImportParameters requested are different than current active one (requested -> active):
  custom:video-decoder-ogg-theora: a1e56fd34408186e4bbccfd4996cb3dc -> 
  custom:container-muxer-webm: aa71ff27fc2769a1b78a27578f13a17b -> 
  custom:container-demuxer-webm: 4f35f7cbe854078d1ac9338744f61a02 -> 
  custom:container-demuxer-ogg: 62fdf1f143b41e24485cea50d1cbac27 -> 
  custom:video-encoder-webm-vp8: eb34c28f22e8b96e1ab97ce403110664 -> 
  custom:framework-osx-AVFoundation: b23960f63f64bdc6ff669e2cdcee2391 -> 
  custom:video-decoder-webm-vp8: 9c59270c3fd7afecdb556c50c9e8de78 -> 
  custom:audio-decoder-ogg-vorbis: bf7c407c2cedff20999df2af8eb42d56 -> 
  custom:audio-encoder-webm-vorbis: bf7c407c2cedff20999df2af8eb42d56 -> 
========================================================================
Received Prepare
Registering precompiled user dll's ...
Registered in 0.002063 seconds.
Begin MonoManager ReloadAssembly
Native extension for WindowsStandalone target not found
Native extension for OSXStandalone target not found
Refreshing native plugins compatible for Editor in 0.45 ms, found 2 plugins.
Preloading 0 native plugins for Editor in 0.00 ms.
Warning: Annotation not found!
UnityEngine.StackTraceUtility:ExtractStackTrace () (at /Users/bokken/buildslave/unity/build/Runtime/Export/Scripting/StackTrace.cs:37)
UnityEditor.ProBuilder.EditorUtility:SetGizmoIconEnabled (System.Type,bool) (at Library/PackageCache/com.unity.probuilder@5.0.3/Editor/EditorCore/EditorUtility.cs:575)
UnityEditor.ProBuilder.HierarchyListener:.cctor () (at Library/PackageCache/com.unity.probuilder@5.0.3/Editor/EditorCore/HierarchyListener.cs:21)
System.Runtime.CompilerServices.RuntimeHelpers:RunClassConstructor (System.RuntimeTypeHandle)
UnityEditor.EditorAssemblies:ProcessInitializeOnLoadAttributes (System.Type[]) (at /Users/bokken/buildslave/unity/build/Editor/Mono/EditorAssemblies.cs:134)

[/Users/bokken/buildslave/unity/build/Runtime/Export/Scripting/StackTrace.cs line 37]

Mono: successfully reloaded assembly
- Completed reload, in  1.682 seconds
Domain Reload Profiling:
	ReloadAssembly (1682ms)
		BeginReloadAssembly (188ms)
			ExecutionOrderSort (0ms)
			DisableScriptedObjects (7ms)
			BackupInstance (0ms)
			ReleaseScriptingObjects (0ms)
			CreateAndSetChildDomain (91ms)
		EndReloadAssembly (1386ms)
			LoadAssemblies (114ms)
			RebuildTransferFunctionScriptingTraits (0ms)
			SetupTypeCache (626ms)
			ReleaseScriptCaches (1ms)
			RebuildScriptCaches (69ms)
			SetupLoadedEditorAssemblies (413ms)
				LogAssemblyErrors (0ms)
				InitializePlatformSupportModulesInManaged (9ms)
				SetLoadedEditorAssemblies (1ms)
				RefreshPlugins (0ms)
				BeforeProcessingInitializeOnLoad (50ms)
				ProcessInitializeOnLoadAttributes (345ms)
				ProcessInitializeOnLoadMethodAttributes (6ms)
				AfterProcessingInitializeOnLoad (2ms)
				EditorAssembliesLoaded (0ms)
			ExecutionOrderSort2 (0ms)
			AwakeInstancesAfterBackupRestoration (15ms)
Platform modules already initialized, skipping
Refreshing native plugins compatible for Editor in 0.48 ms, found 2 plugins.
Preloading 0 native plugins for Editor in 0.00 ms.
Unloading 1818 Unused Serialized files (Serialized files now loaded: 0)
System memory in use before: 199.9 MB.
System memory in use after: 199.9 MB.

Unloading 16 unused Assets to reduce memory usage. Loaded Objects now: 2419.
Total: 3.703396 ms (FindLiveObjects: 0.283769 ms CreateObjectMapping: 0.195684 ms MarkObjects: 3.097505 ms  DeleteObjects: 0.124995 ms)

AssetImportParameters requested are different than current active one (requested -> active):
  custom:video-decoder-ogg-theora: a1e56fd34408186e4bbccfd4996cb3dc -> 
  custom:container-muxer-webm: aa71ff27fc2769a1b78a27578f13a17b -> 
  custom:container-demuxer-webm: 4f35f7cbe854078d1ac9338744f61a02 -> 
  custom:container-demuxer-ogg: 62fdf1f143b41e24485cea50d1cbac27 -> 
  custom:video-encoder-webm-vp8: eb34c28f22e8b96e1ab97ce403110664 -> 
  custom:framework-osx-AVFoundation: b23960f63f64bdc6ff669e2cdcee2391 -> 
  custom:video-decoder-webm-vp8: 9c59270c3fd7afecdb556c50c9e8de78 -> 
  custom:audio-decoder-ogg-vorbis: bf7c407c2cedff20999df2af8eb42d56 -> 
  custom:audio-encoder-webm-vorbis: bf7c407c2cedff20999df2af8eb42d56 -> 
========================================================================
Received Prepare
Registering precompiled user dll's ...
Registered in 0.002850 seconds.
Begin MonoManager ReloadAssembly
Native extension for WindowsStandalone target not found
Native extension for OSXStandalone target not found
Refreshing native plugins compatible for Editor in 0.45 ms, found 2 plugins.
Preloading 0 native plugins for Editor in 0.00 ms.
Warning: Annotation not found!
UnityEngine.StackTraceUtility:ExtractStackTrace () (at /Users/bokken/buildslave/unity/build/Runtime/Export/Scripting/StackTrace.cs:37)
UnityEditor.ProBuilder.EditorUtility:SetGizmoIconEnabled (System.Type,bool) (at Library/PackageCache/com.unity.probuilder@5.0.3/Editor/EditorCore/EditorUtility.cs:575)
UnityEditor.ProBuilder.HierarchyListener:.cctor () (at Library/PackageCache/com.unity.probuilder@5.0.3/Editor/EditorCore/HierarchyListener.cs:21)
System.Runtime.CompilerServices.RuntimeHelpers:RunClassConstructor (System.RuntimeTypeHandle)
UnityEditor.EditorAssemblies:ProcessInitializeOnLoadAttributes (System.Type[]) (at /Users/bokken/buildslave/unity/build/Editor/Mono/EditorAssemblies.cs:134)

[/Users/bokken/buildslave/unity/build/Runtime/Export/Scripting/StackTrace.cs line 37]

Mono: successfully reloaded assembly
- Completed reload, in  1.438 seconds
Domain Reload Profiling:
	ReloadAssembly (1438ms)
		BeginReloadAssembly (178ms)
			ExecutionOrderSort (0ms)
			DisableScriptedObjects (7ms)
			BackupInstance (0ms)
			ReleaseScriptingObjects (0ms)
			CreateAndSetChildDomain (89ms)
		EndReloadAssembly (1169ms)
			LoadAssemblies (89ms)
			RebuildTransferFunctionScriptingTraits (0ms)
			SetupTypeCache (448ms)
			ReleaseScriptCaches (1ms)
			RebuildScriptCaches (63ms)
			SetupLoadedEditorAssemblies (409ms)
				LogAssemblyErrors (0ms)
				InitializePlatformSupportModulesInManaged (6ms)
				SetLoadedEditorAssemblies (1ms)
				RefreshPlugins (0ms)
				BeforeProcessingInitializeOnLoad (48ms)
				ProcessInitializeOnLoadAttributes (346ms)
				ProcessInitializeOnLoadMethodAttributes (6ms)
				AfterProcessingInitializeOnLoad (2ms)
				EditorAssembliesLoaded (0ms)
			ExecutionOrderSort2 (0ms)
			AwakeInstancesAfterBackupRestoration (14ms)
Platform modules already initialized, skipping
Refreshing native plugins compatible for Editor in 0.47 ms, found 2 plugins.
Preloading 0 native plugins for Editor in 0.00 ms.
Unloading 1818 Unused Serialized files (Serialized files now loaded: 0)
System memory in use before: 200.1 MB.
System memory in use after: 200.2 MB.

Unloading 16 unused Assets to reduce memory usage. Loaded Objects now: 2422.
Total: 3.057858 ms (FindLiveObjects: 0.181742 ms CreateObjectMapping: 0.072497 ms MarkObjects: 2.717050 ms  DeleteObjects: 0.085715 ms)

AssetImportParameters requested are different than current active one (requested -> active):
  custom:video-decoder-ogg-theora: a1e56fd34408186e4bbccfd4996cb3dc -> 
  custom:container-muxer-webm: aa71ff27fc2769a1b78a27578f13a17b -> 
  custom:container-demuxer-webm: 4f35f7cbe854078d1ac9338744f61a02 -> 
  custom:container-demuxer-ogg: 62fdf1f143b41e24485cea50d1cbac27 -> 
  custom:video-encoder-webm-vp8: eb34c28f22e8b96e1ab97ce403110664 -> 
  custom:framework-osx-AVFoundation: b23960f63f64bdc6ff669e2cdcee2391 -> 
  custom:video-decoder-webm-vp8: 9c59270c3fd7afecdb556c50c9e8de78 -> 
  custom:audio-decoder-ogg-vorbis: bf7c407c2cedff20999df2af8eb42d56 -> 
  custom:audio-encoder-webm-vorbis: bf7c407c2cedff20999df2af8eb42d56 -> 
========================================================================
Received Import Request.
  Time since last request: 1041.877137 seconds.
  path: Assets/AllScenes/AppScenes/Truncus ArteriosusEVH.unity
  artifactKey: Guid(29ee01cce4c5f4c38bb63782b6b0c098) Importer(815301076,1909f56bfc062723c751e8b465ee728b)
Start importing Assets/AllScenes/AppScenes/Truncus ArteriosusEVH.unity using Guid(29ee01cce4c5f4c38bb63782b6b0c098) Importer(815301076,1909f56bfc062723c751e8b465ee728b)  -> (artifact id: '18f66cc9049223ff25b48effc6d2dbb7') in 0.009549 seconds 
========================================================================
Received Import Request.
  Time since last request: 23.084533 seconds.
  path: Assets/AllScenes/AppScenes/Normal EVH.unity
  artifactKey: Guid(72552ae199cbe450389b6eae1cc2b4f0) Importer(815301076,1909f56bfc062723c751e8b465ee728b)
Start importing Assets/AllScenes/AppScenes/Normal EVH.unity using Guid(72552ae199cbe450389b6eae1cc2b4f0) Importer(815301076,1909f56bfc062723c751e8b465ee728b)  -> (artifact id: 'c901b16c7595da557fd69ebe68fe87be') in 0.005399 seconds 
========================================================================
Received Prepare
Registering precompiled user dll's ...
Registered in 0.002848 seconds.
Begin MonoManager ReloadAssembly
Native extension for WindowsStandalone target not found
Native extension for OSXStandalone target not found
Refreshing native plugins compatible for Editor in 0.48 ms, found 2 plugins.
Preloading 0 native plugins for Editor in 0.00 ms.
Warning: Annotation not found!
UnityEngine.StackTraceUtility:ExtractStackTrace () (at /Users/bokken/buildslave/unity/build/Runtime/Export/Scripting/StackTrace.cs:37)
UnityEditor.ProBuilder.EditorUtility:SetGizmoIconEnabled (System.Type,bool) (at Library/PackageCache/com.unity.probuilder@5.0.3/Editor/EditorCore/EditorUtility.cs:575)
UnityEditor.ProBuilder.HierarchyListener:.cctor () (at Library/PackageCache/com.unity.probuilder@5.0.3/Editor/EditorCore/HierarchyListener.cs:21)
System.Runtime.CompilerServices.RuntimeHelpers:RunClassConstructor (System.RuntimeTypeHandle)
UnityEditor.EditorAssemblies:ProcessInitializeOnLoadAttributes (System.Type[]) (at /Users/bokken/buildslave/unity/build/Editor/Mono/EditorAssemblies.cs:134)

[/Users/bokken/buildslave/unity/build/Runtime/Export/Scripting/StackTrace.cs line 37]

Mono: successfully reloaded assembly
- Completed reload, in  1.633 seconds
Domain Reload Profiling:
	ReloadAssembly (1633ms)
		BeginReloadAssembly (204ms)
			ExecutionOrderSort (0ms)
			DisableScriptedObjects (9ms)
			BackupInstance (0ms)
			ReleaseScriptingObjects (0ms)
			CreateAndSetChildDomain (102ms)
		EndReloadAssembly (1325ms)
			LoadAssemblies (104ms)
			RebuildTransferFunctionScriptingTraits (0ms)
			SetupTypeCache (524ms)
			ReleaseScriptCaches (1ms)
			RebuildScriptCaches (67ms)
			SetupLoadedEditorAssemblies (447ms)
				LogAssemblyErrors (0ms)
				InitializePlatformSupportModulesInManaged (7ms)
				SetLoadedEditorAssemblies (1ms)
				RefreshPlugins (1ms)
				BeforeProcessingInitializeOnLoad (55ms)
				ProcessInitializeOnLoadAttributes (374ms)
				ProcessInitializeOnLoadMethodAttributes (7ms)
				AfterProcessingInitializeOnLoad (2ms)
				EditorAssembliesLoaded (0ms)
			ExecutionOrderSort2 (0ms)
			AwakeInstancesAfterBackupRestoration (18ms)
Platform modules already initialized, skipping
Refreshing native plugins compatible for Editor in 0.47 ms, found 2 plugins.
Preloading 0 native plugins for Editor in 0.00 ms.
Unloading 1818 Unused Serialized files (Serialized files now loaded: 0)
System memory in use before: 200.4 MB.
System memory in use after: 200.4 MB.

Unloading 16 unused Assets to reduce memory usage. Loaded Objects now: 2425.
Total: 3.794817 ms (FindLiveObjects: 0.314162 ms CreateObjectMapping: 0.164315 ms MarkObjects: 3.208959 ms  DeleteObjects: 0.105747 ms)

AssetImportParameters requested are different than current active one (requested -> active):
  custom:video-decoder-ogg-theora: a1e56fd34408186e4bbccfd4996cb3dc -> 
  custom:container-muxer-webm: aa71ff27fc2769a1b78a27578f13a17b -> 
  custom:container-demuxer-webm: 4f35f7cbe854078d1ac9338744f61a02 -> 
  custom:container-demuxer-ogg: 62fdf1f143b41e24485cea50d1cbac27 -> 
  custom:video-encoder-webm-vp8: eb34c28f22e8b96e1ab97ce403110664 -> 
  custom:framework-osx-AVFoundation: b23960f63f64bdc6ff669e2cdcee2391 -> 
  custom:video-decoder-webm-vp8: 9c59270c3fd7afecdb556c50c9e8de78 -> 
  custom:audio-decoder-ogg-vorbis: bf7c407c2cedff20999df2af8eb42d56 -> 
  custom:audio-encoder-webm-vorbis: bf7c407c2cedff20999df2af8eb42d56 -> 
========================================================================
Received Import Request.
  Time since last request: 1127.362124 seconds.
  path: Assets/AllScenes/AppScenes/Normal EVH.unity
  artifactKey: Guid(72552ae199cbe450389b6eae1cc2b4f0) Importer(815301076,1909f56bfc062723c751e8b465ee728b)
Start importing Assets/AllScenes/AppScenes/Normal EVH.unity using Guid(72552ae199cbe450389b6eae1cc2b4f0) Importer(815301076,1909f56bfc062723c751e8b465ee728b)  -> (artifact id: 'df0bb3cafd886b547a0d18709968aba4') in 0.017364 seconds 
========================================================================
Received Import Request.
  Time since last request: 99.802626 seconds.
  path: Assets/AllScenes/AppScenes/Main Menu.unity
  artifactKey: Guid(6bbda363b633e44559e0e62f2a300572) Importer(815301076,1909f56bfc062723c751e8b465ee728b)
Start importing Assets/AllScenes/AppScenes/Main Menu.unity using Guid(6bbda363b633e44559e0e62f2a300572) Importer(815301076,1909f56bfc062723c751e8b465ee728b)  -> (artifact id: 'f0f646f7ce72d3aa0d48b620c89f62f6') in 0.003211 seconds 
========================================================================
Received Prepare
Registering precompiled user dll's ...
Registered in 0.005590 seconds.
Begin MonoManager ReloadAssembly
Native extension for WindowsStandalone target not found
Native extension for OSXStandalone target not found
Refreshing native plugins compatible for Editor in 0.55 ms, found 2 plugins.
Preloading 0 native plugins for Editor in 0.00 ms.
Warning: Annotation not found!
UnityEngine.StackTraceUtility:ExtractStackTrace () (at /Users/bokken/buildslave/unity/build/Runtime/Export/Scripting/StackTrace.cs:37)
UnityEditor.ProBuilder.EditorUtility:SetGizmoIconEnabled (System.Type,bool) (at Library/PackageCache/com.unity.probuilder@5.0.3/Editor/EditorCore/EditorUtility.cs:575)
UnityEditor.ProBuilder.HierarchyListener:.cctor () (at Library/PackageCache/com.unity.probuilder@5.0.3/Editor/EditorCore/HierarchyListener.cs:21)
System.Runtime.CompilerServices.RuntimeHelpers:RunClassConstructor (System.RuntimeTypeHandle)
UnityEditor.EditorAssemblies:ProcessInitializeOnLoadAttributes (System.Type[]) (at /Users/bokken/buildslave/unity/build/Editor/Mono/EditorAssemblies.cs:134)

[/Users/bokken/buildslave/unity/build/Runtime/Export/Scripting/StackTrace.cs line 37]

Mono: successfully reloaded assembly
- Completed reload, in  1.808 seconds
Domain Reload Profiling:
	ReloadAssembly (1809ms)
		BeginReloadAssembly (195ms)
			ExecutionOrderSort (0ms)
			DisableScriptedObjects (8ms)
			BackupInstance (0ms)
			ReleaseScriptingObjects (0ms)
			CreateAndSetChildDomain (98ms)
		EndReloadAssembly (1520ms)
			LoadAssemblies (103ms)
			RebuildTransferFunctionScriptingTraits (0ms)
			SetupTypeCache (491ms)
			ReleaseScriptCaches (1ms)
			RebuildScriptCaches (90ms)
			SetupLoadedEditorAssemblies (533ms)
				LogAssemblyErrors (0ms)
				InitializePlatformSupportModulesInManaged (8ms)
				SetLoadedEditorAssemblies (1ms)
				RefreshPlugins (1ms)
				BeforeProcessingInitializeOnLoad (68ms)
				ProcessInitializeOnLoadAttributes (446ms)
				ProcessInitializeOnLoadMethodAttributes (7ms)
				AfterProcessingInitializeOnLoad (3ms)
				EditorAssembliesLoaded (0ms)
			ExecutionOrderSort2 (0ms)
			AwakeInstancesAfterBackupRestoration (18ms)
Platform modules already initialized, skipping
Refreshing native plugins compatible for Editor in 0.45 ms, found 2 plugins.
Preloading 0 native plugins for Editor in 0.00 ms.
Unloading 1818 Unused Serialized files (Serialized files now loaded: 0)
System memory in use before: 200.6 MB.
System memory in use after: 200.6 MB.

Unloading 16 unused Assets to reduce memory usage. Loaded Objects now: 2428.
Total: 2.979084 ms (FindLiveObjects: 0.185563 ms CreateObjectMapping: 0.074161 ms MarkObjects: 2.626394 ms  DeleteObjects: 0.092168 ms)

AssetImportParameters requested are different than current active one (requested -> active):
  custom:video-decoder-ogg-theora: a1e56fd34408186e4bbccfd4996cb3dc -> 
  custom:container-muxer-webm: aa71ff27fc2769a1b78a27578f13a17b -> 
  custom:container-demuxer-webm: 4f35f7cbe854078d1ac9338744f61a02 -> 
  custom:container-demuxer-ogg: 62fdf1f143b41e24485cea50d1cbac27 -> 
  custom:video-encoder-webm-vp8: eb34c28f22e8b96e1ab97ce403110664 -> 
  custom:framework-osx-AVFoundation: b23960f63f64bdc6ff669e2cdcee2391 -> 
  custom:video-decoder-webm-vp8: 9c59270c3fd7afecdb556c50c9e8de78 -> 
  custom:audio-decoder-ogg-vorbis: bf7c407c2cedff20999df2af8eb42d56 -> 
  custom:audio-encoder-webm-vorbis: bf7c407c2cedff20999df2af8eb42d56 -> 
========================================================================
Received Prepare
Registering precompiled user dll's ...
Registered in 0.003247 seconds.
Begin MonoManager ReloadAssembly
Native extension for WindowsStandalone target not found
Native extension for OSXStandalone target not found
Refreshing native plugins compatible for Editor in 0.45 ms, found 2 plugins.
Preloading 0 native plugins for Editor in 0.00 ms.
Warning: Annotation not found!
UnityEngine.StackTraceUtility:ExtractStackTrace () (at /Users/bokken/buildslave/unity/build/Runtime/Export/Scripting/StackTrace.cs:37)
UnityEditor.ProBuilder.EditorUtility:SetGizmoIconEnabled (System.Type,bool) (at Library/PackageCache/com.unity.probuilder@5.0.3/Editor/EditorCore/EditorUtility.cs:575)
UnityEditor.ProBuilder.HierarchyListener:.cctor () (at Library/PackageCache/com.unity.probuilder@5.0.3/Editor/EditorCore/HierarchyListener.cs:21)
System.Runtime.CompilerServices.RuntimeHelpers:RunClassConstructor (System.RuntimeTypeHandle)
UnityEditor.EditorAssemblies:ProcessInitializeOnLoadAttributes (System.Type[]) (at /Users/bokken/buildslave/unity/build/Editor/Mono/EditorAssemblies.cs:134)

[/Users/bokken/buildslave/unity/build/Runtime/Export/Scripting/StackTrace.cs line 37]

Mono: successfully reloaded assembly
- Completed reload, in  1.620 seconds
Domain Reload Profiling:
	ReloadAssembly (1621ms)
		BeginReloadAssembly (194ms)
			ExecutionOrderSort (0ms)
			DisableScriptedObjects (9ms)
			BackupInstance (0ms)
			ReleaseScriptingObjects (0ms)
			CreateAndSetChildDomain (100ms)
		EndReloadAssembly (1301ms)
			LoadAssemblies (120ms)
			RebuildTransferFunctionScriptingTraits (0ms)
			SetupTypeCache (526ms)
			ReleaseScriptCaches (1ms)
			RebuildScriptCaches (64ms)
			SetupLoadedEditorAssemblies (421ms)
				LogAssemblyErrors (0ms)
				InitializePlatformSupportModulesInManaged (6ms)
				SetLoadedEditorAssemblies (1ms)
				RefreshPlugins (0ms)
				BeforeProcessingInitializeOnLoad (48ms)
				ProcessInitializeOnLoadAttributes (357ms)
				ProcessInitializeOnLoadMethodAttributes (7ms)
				AfterProcessingInitializeOnLoad (2ms)
				EditorAssembliesLoaded (0ms)
			ExecutionOrderSort2 (0ms)
			AwakeInstancesAfterBackupRestoration (18ms)
Platform modules already initialized, skipping
Refreshing native plugins compatible for Editor in 0.59 ms, found 2 plugins.
Preloading 0 native plugins for Editor in 0.00 ms.
Unloading 1818 Unused Serialized files (Serialized files now loaded: 0)
System memory in use before: 200.9 MB.
System memory in use after: 200.9 MB.

Unloading 16 unused Assets to reduce memory usage. Loaded Objects now: 2431.
Total: 3.879508 ms (FindLiveObjects: 0.248564 ms CreateObjectMapping: 0.098310 ms MarkObjects: 3.426810 ms  DeleteObjects: 0.104393 ms)

AssetImportParameters requested are different than current active one (requested -> active):
  custom:video-decoder-ogg-theora: a1e56fd34408186e4bbccfd4996cb3dc -> 
  custom:container-muxer-webm: aa71ff27fc2769a1b78a27578f13a17b -> 
  custom:container-demuxer-webm: 4f35f7cbe854078d1ac9338744f61a02 -> 
  custom:container-demuxer-ogg: 62fdf1f143b41e24485cea50d1cbac27 -> 
  custom:video-encoder-webm-vp8: eb34c28f22e8b96e1ab97ce403110664 -> 
  custom:framework-osx-AVFoundation: b23960f63f64bdc6ff669e2cdcee2391 -> 
  custom:video-decoder-webm-vp8: 9c59270c3fd7afecdb556c50c9e8de78 -> 
  custom:audio-decoder-ogg-vorbis: bf7c407c2cedff20999df2af8eb42d56 -> 
  custom:audio-encoder-webm-vorbis: bf7c407c2cedff20999df2af8eb42d56 -> 
